2024-04-02 20:33:19.645 [info] Log level: Info
2024-04-02 20:33:19.645 [info] Validating found git in: "git"
2024-04-02 20:33:19.645 [info] Using git "2.44.0" from "git"
2024-04-02 20:33:19.645 [info] > git rev-parse --show-toplevel [8ms]
2024-04-02 20:33:19.645 [info] > git rev-parse --git-dir --git-common-dir [1ms]
2024-04-02 20:33:19.645 [info] Open repository: /home/jorge/dotfiles
2024-04-02 20:33:19.658 [info] > git rev-parse --show-toplevel [3ms]
2024-04-02 20:33:19.660 [info] > git config --get commit.template [9ms]
2024-04-02 20:33:19.674 [info] > git for-each-ref --format=%(refname)%00%(upstream:short)%00%(objectname)%00%(upstream:track)%00%(upstream:remotename)%00%(upstream:remoteref) refs/heads/main refs/remotes/main [1ms]
2024-04-02 20:33:19.674 [info] > git rev-parse --show-toplevel [7ms]
2024-04-02 20:33:19.685 [info] > git status -z -uall [2ms]
2024-04-02 20:33:19.700 [info] > git config --get commit.template [2ms]
2024-04-02 20:33:19.708 [info] > git for-each-ref --format=%(refname)%00%(upstream:short)%00%(objectname)%00%(upstream:track)%00%(upstream:remotename)%00%(upstream:remoteref) refs/heads/main refs/remotes/main [3ms]
2024-04-02 20:33:19.808 [info] > git status -z -uall [3ms]
2024-04-02 20:33:20.175 [info] > git check-ignore -v -z --stdin [2ms]
2024-04-02 20:33:22.013 [info] > git check-ignore -v -z --stdin [2ms]
2024-04-02 20:33:23.509 [info] > git merge-base refs/heads/main refs/remotes/origin/main [3ms]
2024-04-02 20:33:23.526 [info] > git rev-list --count --left-right refs/heads/main...refs/remotes/origin/main [8ms]
2024-04-02 20:33:25.378 [info] > git show --textconv HEAD:install.sh [8ms]
2024-04-02 20:33:25.381 [info] > git ls-tree -l HEAD -- /home/jorge/dotfiles/install.sh [3ms]
2024-04-02 20:33:42.097 [info] > git ls-tree -l HEAD -- /home/jorge/dotfiles/install.sh [2ms]
2024-04-02 20:37:42.049 [info] > git ls-tree -l HEAD -- /home/jorge/dotfiles/install.sh [2ms]
2024-04-02 20:37:44.205 [info] > git ls-tree -l HEAD -- /home/jorge/dotfiles/install.sh [1ms]
2024-04-02 20:37:53.987 [info] > git show --textconv :install.sh [9ms]
2024-04-02 20:37:53.990 [info] > git ls-files --stage -- /home/jorge/dotfiles/install.sh [4ms]
2024-04-02 20:37:53.999 [info] > git cat-file -s 4e1159770e5e2539bf9bcb611f23604d6b2fc8e9 [2ms]
2024-04-02 20:38:00.785 [info] > git checkout -q -- /home/jorge/dotfiles/install.sh [3ms]
2024-04-02 20:38:00.797 [info] > git config --get commit.template [6ms]
2024-04-02 20:38:00.798 [info] > git for-each-ref --format=%(refname)%00%(upstream:short)%00%(objectname)%00%(upstream:track)%00%(upstream:remotename)%00%(upstream:remoteref) refs/heads/main refs/remotes/main [2ms]
2024-04-02 20:38:00.807 [info] > git status -z -uall [2ms]
2024-04-02 20:38:01.889 [info] > git config --get commit.template [10ms]
2024-04-02 20:38:01.890 [info] > git for-each-ref --format=%(refname)%00%(upstream:short)%00%(objectname)%00%(upstream:track)%00%(upstream:remotename)%00%(upstream:remoteref) refs/heads/main refs/remotes/main [3ms]
2024-04-02 20:38:01.902 [info] > git status -z -uall [2ms]
2024-04-02 20:38:01.975 [info] > git ls-files --stage -- /home/jorge/dotfiles/install.sh [2ms]
2024-04-02 20:38:01.980 [info] > git cat-file -s 4e1159770e5e2539bf9bcb611f23604d6b2fc8e9 [2ms]
2024-04-02 20:38:01.989 [info] > git show --textconv :install.sh [2ms]
2024-04-02 20:38:06.924 [info] > git config --get commit.template [6ms]
2024-04-02 20:38:06.925 [info] > git for-each-ref --format=%(refname)%00%(upstream:short)%00%(objectname)%00%(upstream:track)%00%(upstream:remotename)%00%(upstream:remoteref) refs/heads/main refs/remotes/main [2ms]
2024-04-02 20:38:06.934 [info] > git status -z -uall [1ms]
2024-04-02 20:38:14.250 [info] > git config --get commit.template [5ms]
2024-04-02 20:38:14.251 [info] > git for-each-ref --format=%(refname)%00%(upstream:short)%00%(objectname)%00%(upstream:track)%00%(upstream:remotename)%00%(upstream:remoteref) refs/heads/main refs/remotes/main [2ms]
2024-04-02 20:38:14.259 [info] > git status -z -uall [2ms]
2024-04-02 20:38:35.517 [info] > git config --get commit.template [2ms]
2024-04-02 20:38:35.530 [info] > git ls-files --stage -- /home/jorge/dotfiles/install.sh [7ms]
2024-04-02 20:38:35.535 [info] > git for-each-ref --format=%(refname)%00%(upstream:short)%00%(objectname)%00%(upstream:track)%00%(upstream:remotename)%00%(upstream:remoteref) refs/heads/main refs/remotes/main [5ms]
2024-04-02 20:38:35.536 [info] > git cat-file -s 4e1159770e5e2539bf9bcb611f23604d6b2fc8e9 [1ms]
2024-04-02 20:38:35.548 [info] > git status -z -uall [5ms]
2024-04-02 20:38:35.552 [info] > git show --textconv :install.sh [4ms]
2024-04-02 20:41:11.416 [info] > git show --textconv :install.sh [9ms]
2024-04-02 20:41:11.419 [info] > git ls-files --stage -- /home/jorge/dotfiles/install.sh [4ms]
2024-04-02 20:41:11.427 [info] > git cat-file -s 4e1159770e5e2539bf9bcb611f23604d6b2fc8e9 [2ms]
2024-04-02 20:59:00.132 [info] > git show --textconv :.install/asdf.sh [9ms]
2024-04-02 20:59:00.135 [info] > git ls-files --stage -- /home/jorge/dotfiles/.install/asdf.sh [5ms]
2024-04-02 20:59:00.397 [info] > git check-ignore -v -z --stdin [1ms]
2024-04-02 20:59:00.952 [info] > git config --get commit.template [8ms]
2024-04-02 20:59:00.953 [info] > git for-each-ref --format=%(refname)%00%(upstream:short)%00%(objectname)%00%(upstream:track)%00%(upstream:remotename)%00%(upstream:remoteref) refs/heads/main refs/remotes/main [2ms]
2024-04-02 20:59:00.967 [info] > git status -z -uall [3ms]
2024-04-02 21:00:37.671 [info] > git config --get commit.template [5ms]
2024-04-02 21:00:37.672 [info] > git for-each-ref --format=%(refname)%00%(upstream:short)%00%(objectname)%00%(upstream:track)%00%(upstream:remotename)%00%(upstream:remoteref) refs/heads/main refs/remotes/main [2ms]
2024-04-02 21:00:37.685 [info] > git status -z -uall [3ms]
2024-04-02 21:01:00.676 [info] > git show --textconv :.install/init-pywall.sh [13ms]
2024-04-02 21:01:00.679 [info] > git ls-files --stage -- /home/jorge/dotfiles/.install/init-pywall.sh [5ms]
2024-04-02 21:01:00.929 [info] > git check-ignore -v -z --stdin [2ms]
2024-04-02 21:01:01.440 [info] > git config --get commit.template [8ms]
2024-04-02 21:01:01.440 [info] > git for-each-ref --format=%(refname)%00%(upstream:short)%00%(objectname)%00%(upstream:track)%00%(upstream:remotename)%00%(upstream:remoteref) refs/heads/main refs/remotes/main [1ms]
2024-04-02 21:01:01.448 [info] > git status -z -uall [3ms]
2024-04-02 21:01:12.837 [info] > git show --textconv :install.sh [9ms]
2024-04-02 21:01:12.838 [info] > git ls-files --stage -- /home/jorge/dotfiles/install.sh [2ms]
2024-04-02 21:01:12.846 [info] > git cat-file -s 4e1159770e5e2539bf9bcb611f23604d6b2fc8e9 [2ms]
2024-04-02 21:03:17.269 [info] > git config --get commit.template [7ms]
2024-04-02 21:03:17.270 [info] > git for-each-ref --format=%(refname)%00%(upstream:short)%00%(objectname)%00%(upstream:track)%00%(upstream:remotename)%00%(upstream:remoteref) refs/heads/main refs/remotes/main [2ms]
2024-04-02 21:03:17.280 [info] > git status -z -uall [2ms]
2024-04-02 21:06:05.360 [info] > git check-ignore -v -z --stdin [2ms]
2024-04-02 21:06:28.887 [info] > git check-ignore -v -z --stdin [2ms]
2024-04-02 21:08:17.037 [info] > git check-ignore -v -z --stdin [2ms]
